Der Buildvorgang wurde am 05.10.2015 00:21:59 gestartet.
     1>Projekt "C:\Users\Lukas\Documents\Programieren\Gundby\Gundby\Gundby\Gundby.vcxproj" auf Knoten "2", Build Ziel(e).
     1>ClCompile:
         C:\Program Files (x86)\Microsoft Visual Studio 14.0\VC\bin\x86_amd64\CL.exe /c /IC:\Users\Lukas\Documents\Programieren\Gundby\Gundby\Gundby /ZI /nologo /W3 /WX- /Od /D _DEBUG /D _WINDOWS /D _UNICODE /D UNICODE /Gm /EHsc /RTC1 /MDd /GS /fp:precise /Zc:wchar_t /Zc:forScope /Zc:inline /Fo"x64\Debug\\" /Fd"x64\Debug\vc140.pdb" /Gd /TP /errorReport:prompt src\Graphics\D3D.cpp src\Graphics\Graphics.cpp src\Main.cpp src\System.cpp
         Graphics.cpp
         D3D.cpp
         Code wird generiert...
         Kompilieren...
         System.cpp
         Main.cpp
         Code wird generiert...
       Link:
         C:\Program Files (x86)\Microsoft Visual Studio 14.0\VC\bin\x86_amd64\link.exe /ERRORREPORT:PROMPT /OUT:"C:\Users\Lukas\Documents\Programieren\Gundby\Gundby\x64\Debug\Gundby.exe" /INCREMENTAL /NOLOGO kernel32.lib user32.lib gdi32.lib winspool.lib comdlg32.lib advapi32.lib shell32.lib ole32.lib oleaut32.lib uuid.lib odbc32.lib odbccp32.lib /MANIFEST /MANIFESTUAC:"level='asInvoker' uiAccess='false'" /manifest:embed /Debug /PDB:"C:\Users\Lukas\Documents\Programieren\Gundby\Gundby\x64\Debug\Gundby.pdb" /SUBSYSTEM:WINDOWS /TLBID:1 /DYNAMICBASE /NXCOMPAT /IMPLIB:"C:\Users\Lukas\Documents\Programieren\Gundby\Gundby\x64\Debug\Gundby.lib" /MACHINE:X64 x64\Debug\D3D.obj
         x64\Debug\Graphics.obj
         x64\Debug\Input.obj
         x64\Debug\Main.obj
         x64\Debug\System.obj
         Gundby.vcxproj -> C:\Users\Lukas\Documents\Programieren\Gundby\Gundby\x64\Debug\Gundby.exe
     1>Die Erstellung von Projekt "C:\Users\Lukas\Documents\Programieren\Gundby\Gundby\Gundby\Gundby.vcxproj" ist abgeschlossen (Build Ziel(e)).

Der Buildvorgang wurde erfolgreich ausgeführt.

Verstrichene Zeit 00:00:36.66
